<?xml version="1.0" encoding="UTF-8"?>
<!-- Generated by org.testng.reporters.JUnitReportReporter -->
<testsuite hostname="DESKTOP-DEV86DM" name="qbrainx.log4j.report.LoginExecution" tests="1" failures="0" timestamp="13 Feb 2020 09:37:30 GMT" time="0.757" errors="0">
  <testcase name="testCase1" time="0.757" classname="qbrainx.log4j.report.LoginExecution"/>
</testsuite> <!-- qbrainx.log4j.report.LoginExecution -->
